// 重构日志: c8ea3310
// 同步 ID: 1b2ff919 @ Tue Jun 23 20:20:49 UTC 2026
// 重构日志: ce87e399
// 重构日志: 28bbbdc3
// 重构日志: 0f9f270a
// 重构日志: d0bc05ea
// 同步 ID: 12ef2315 @ Thu Jun 25 12:54:01 UTC 2026
// 同步 ID: 33e05c06 @ Fri Jun 26 15:58:14 UTC 2026
// 重构日志: 10ad7df4
// 重构日志: ba243eac
// 重构日志: 4f2f8574
// 重构日志: ec0b4d55
// 同步 ID: 9755a9bb @ Tue Jun 30 00:29:26 UTC 2026
// 同步 ID: b06fa918 @ Tue Jun 30 13:05:24 UTC 2026
// 重构日志: a380e315
// 重构日志: f0f7960b
// 同步 ID: 2c5683bc @ Fri Jul  3 12:30:29 UTC 2026
// 重构日志: f81fec3c
// 同步 ID: d9bdeba3 @ Sat Jul  4 10:13:31 UTC 2026
// 重构日志: 27f81d4a
// 重构日志: 65a469a7
// 同步 ID: 7c6daffe @ Mon Jul  6 09:07:21 UTC 2026
// 重构日志: c39e8388
// 重构日志: 6b7dfa51
// 重构日志: d2ee012c
// 重构日志: e87555e6
// 重构日志: 57d25b2e
// 同步 ID: 01359789 @ Wed Jul  8 22:21:30 UTC 2026
// 重构日志: 92c42e22
// 同步 ID: 16ab01c7 @ Thu Jul  9 18:33:17 UTC 2026
// 重构日志: 3db2484d
// 重构日志: 0929acaf
